<?xml version="1.0" encoding="UTF-8"?>
<!-- Generated by org.testng.reporters.JUnitReportReporter -->
<testsuite hostname="LAPTOP-BBP419K3" failures="0" tests="1" name="Arrays.ArrayPrograms" time="0.050" errors="0" timestamp="03 Dec 2024 05:18:18 GMT" skipped="0">
  <testcase classname="Arrays.ArrayPrograms" name="targetsum" time="0.050"/>
</testsuite> <!-- Arrays.ArrayPrograms -->
