<?xml version="1.0" encoding="UTF-8"?>
<!-- Generated by org.testng.reporters.JUnitReportReporter -->
<testsuite hostname="LAPTOP-BBP419K3" failures="0" tests="1" name="StringPrograms.StringPrograms" time="0.028" errors="0" timestamp="25 Nov 2024 06:37:51 GMT" skipped="0">
  <testcase classname="StringPrograms.StringPrograms" name="replaceVowelsWithSpace" time="0.028"/>
</testsuite> <!-- StringPrograms.StringPrograms -->
