<?xml version="1.0" encoding="UTF-8"?>
<!-- Generated by org.testng.reporters.JUnitReportReporter -->
<testsuite hostname="LAPTOP-BBP419K3" failures="0" tests="1" name="patternMatching.patternPrograms" time="0.013" errors="0" timestamp="09 Dec 2024 05:02:10 GMT" skipped="0">
  <testcase classname="patternMatching.patternPrograms" name="pattern52" time="0.013"/>
</testsuite> <!-- patternMatching.patternPrograms -->
