<?xml version="1.0" encoding="UTF-8"?>
<!-- Generated by org.testng.reporters.JUnitReportReporter -->
<testsuite hostname="LAPTOP-BBP419K3" failures="0" tests="1" name="numberPractice" time="0.045" errors="0" timestamp="13 Aug 2024 05:19:20 GMT" skipped="0">
  <testcase classname="numberPractice" name="Charachter" time="0.045"/>
</testsuite> <!-- numberPractice -->
