<?xml version="1.0" encoding="UTF-8"?>
<!-- Generated by org.testng.reporters.JUnitReportReporter -->
<testsuite hostname="LAPTOP-BBP419K3" failures="0" tests="1" name="StringPrograms.PracticeString" time="0.026" errors="0" timestamp="25 Nov 2024 07:18:16 GMT" skipped="0">
  <testcase classname="StringPrograms.PracticeString" name="practice5" time="0.026"/>
</testsuite> <!-- StringPrograms.PracticeString -->
